cansend vcan0 161#000005500108000D
cansend vcan0 191#010010A1410038
cansend vcan0 133#0000000098
cansend vcan0 136#000200000000001B
cansend vcan0 13A#0000000000000019
cansend vcan0 13F#000000050000001F
cansend vcan0 164#0000C01AA8000031
cansend vcan0 17C#0000000010000012
cansend vcan0 18E#00005C
cansend vcan0 183#0000000C0000101E
cansend vcan0 143#6B6B00D1
cansend vcan0 095#800007F400000008
cansend vcan0 039#0039
cansend vcan0 166#D0320018
cansend vcan0 158#0000000000000019
cansend vcan0 244#000000013B
cansend vcan0 161#000005500108001C
cansend vcan0 191#010010A141000B
cansend vcan0 164#0000C01AA8000004
cansend vcan0 133#00000000A7
cansend vcan0 136#000200000000002A
cansend vcan0 13A#0000000000000028
cansend vcan0 13F#000000050000002E
cansend vcan0 17C#0000000010000021
cansend vcan0 18E#00006B
cansend vcan0 1CF#80050000001E
cansend vcan0 1DC#0200001B
cansend vcan0 183#0000000900001020
cansend vcan0 143#6B6B00E0
cansend vcan0 095#800007F400000017
cansend vcan0 1A4#000000080000003E
cansend vcan0 1AA#7FFF00000000673F
cansend vcan0 1B0#000F0000000175
cansend vcan0 1D0#000000000000000A
cansend vcan0 166#D0320027
cansend vcan0 039#000C
cansend vcan0 158#0000000000000028
cansend vcan0 161#000005500108002B
cansend vcan0 191#010010A141001A
cansend vcan0 133#00000000B6
cansend vcan0 136#0002000000000039
cansend vcan0 13A#0000000000000037
cansend vcan0 13F#000000050000003D
cansend vcan0 164#0000C01AA8000013
cansend vcan0 244#00000001BA
cansend vcan0 17C#0000000010000030
cansend vcan0 18E#00007A
cansend vcan0 294#040B0002CF5A001D
cansend vcan0 21E#03E83745220610
cansend vcan0 309#0000000000000093
cansend vcan0 183#0000000E0000103A
cansend vcan0 143#6B6B00FF
cansend vcan0 095#800007F400000026
cansend vcan0 305#8017
cansend vcan0 166#D0320036
cansend vcan0 158#0000000000000037
cansend vcan0 161#000005500108003A
cansend vcan0 191#010010A1410029
cansend vcan0 164#0000C01AA8000022
cansend vcan0 133#0000000089
cansend vcan0 136#000200000000000C
cansend vcan0 13A#000000000000000A
cansend vcan0 13F#0000000500000000
cansend vcan0 17C#0000000010000003
cansend vcan0 18E#00004D
cansend vcan0 1CF#80050000002D
cansend vcan0 1DC#0200002A
cansend vcan0 183#0000000A00001001
cansend vcan0 143#6B6B00C2
cansend vcan0 039#001B
cansend vcan0 095#800007F400000035
cansend vcan0 1A4#0000000800000001
cansend vcan0 1AA#7FFF000000006801
cansend vcan0 1B0#000F0000000148
cansend vcan0 1D0#000000000000000A
cansend vcan0 244#00000001CC
cansend vcan0 166#D0320009
cansend vcan0 158#000000000000000A
cansend vcan0 161#000005500108000D
cansend vcan0 191#010010A1410038
cansend vcan0 133#0000000098
cansend vcan0 136#000200000000001B
cansend vcan0 13A#0000000000000019
cansend vcan0 13F#000000050000001F
cansend vcan0 164#0000C01AA8000031
cansend vcan0 17C#0000000010000012
cansend vcan0 18E#00005C
cansend vcan0 183#0000000700001013
cansend vcan0 143#6B6B00D1
cansend vcan0 095#800007F400000008
cansend vcan0 039#002A
cansend vcan0 244#000000012E
cansend vcan0 166#D0320018
cansend vcan0 158#0000000000000019
cansend vcan0 161#000005500108001C
cansend vcan0 191#010010A141000B
cansend vcan0 133#00000000A7
cansend vcan0 136#000200000000002A
cansend vcan0 13A#0000000000000028
cansend vcan0 13F#000000050000002E
cansend vcan0 164#0000C01AA8000004
cansend vcan0 17C#0000000010000021
cansend vcan0 18E#00006B
cansend vcan0 1CF#80050000003C
cansend vcan0 1DC#02000039
cansend vcan0 183#0000000500001024
cansend vcan0 143#6B6B00E0
cansend vcan0 095#800007F400000017
cansend vcan0 1A4#0000000800000010
cansend vcan0 1AA#7FFF000000006810
cansend vcan0 1B0#000F0000000157
cansend vcan0 1D0#000000000000000A
cansend vcan0 166#D0320027
cansend vcan0 244#00000001D6
cansend vcan0 158#0000000000000028
cansend vcan0 161#000005500108002B
cansend vcan0 191#010010A141001A
cansend vcan0 133#00000000B6
cansend vcan0 136#0002000000000039
cansend vcan0 13A#0000000000000037
cansend vcan0 13F#000000050000003D
cansend vcan0 164#0000C01AA8000013
cansend vcan0 17C#0000000010000030
cansend vcan0 039#0039
cansend vcan0 18E#00007A
cansend vcan0 294#040B0002CF5A002C
cansend vcan0 21E#03E8374522062F
cansend vcan0 183#0000000300001035
cansend vcan0 143#6B6B00FF
cansend vcan0 095#800007F400000026
cansend vcan0 166#D0320036
cansend vcan0 158#0000000000000037
cansend vcan0 161#000005500108003A
cansend vcan0 191#010010A1410029
cansend vcan0 133#0000000089
cansend vcan0 244#00000001A7
cansend vcan0 136#000200000000000C
cansend vcan0 13A#000000000000000A
cansend vcan0 13F#0000000500000000
cansend vcan0 164#0000C01AA8000022
cansend vcan0 17C#0000000010000003
cansend vcan0 18E#00004D
cansend vcan0 1CF#80050000000F
cansend vcan0 1DC#0200000C
cansend vcan0 183#0000000A00001001
cansend vcan0 143#6B6B00C2
cansend vcan0 039#000C
cansend vcan0 333#0000000000001E
cansend vcan0 095#800007F400000035
cansend vcan0 1A4#000000080000002F
cansend vcan0 1AA#7FFF000000006720
cansend vcan0 1B0#000F0000000166
cansend vcan0 1D0#000000000000000A
cansend vcan0 166#D0320009
cansend vcan0 158#000000000000000A
cansend vcan0 161#000005500108000D
cansend vcan0 191#010010A1410038
cansend vcan0 133#0000000098
cansend vcan0 136#000200000000001B
cansend vcan0 13A#0000000000000019
cansend vcan0 13F#000000050000001F
cansend vcan0 164#0000C01AA8000031
cansend vcan0 244#0000000173
cansend vcan0 17C#0000000010000012
cansend vcan0 18E#00005C
cansend vcan0 183#0000000700001013
cansend vcan0 143#6B6B00D1
cansend vcan0 095#800007F400000008
cansend vcan0 166#D0320018
cansend vcan0 158#0000000000000019
cansend vcan0 161#000005500108001C
cansend vcan0 191#010010A141000B
cansend vcan0 133#00000000A7
cansend vcan0 136#000200000000002A
cansend vcan0 13A#0000000000000028
cansend vcan0 13F#000000050000002E
cansend vcan0 164#0000C01AA8000004
cansend vcan0 17C#0000000010000021
cansend vcan0 18E#00006B
cansend vcan0 1CF#80050000001E
cansend vcan0 1DC#0200001B
cansend vcan0 320#000012
cansend vcan0 324#7465000000000E1A
cansend vcan0 37C#FD00FD00097F001A
cansend vcan0 183#0000000500001024
cansend vcan0 40C#0236323239533039
cansend vcan0 454#23EF36
cansend vcan0 143#6B6B00E0
cansend vcan0 19B#00000E000000
cansend vcan0 244#00000001B1
cansend vcan0 095#800007F400000017
cansend vcan0 039#001B
cansend vcan0 1A4#000000080000003E
cansend vcan0 1AA#7FFF00000000673F
cansend vcan0 1B0#000F0000000175
cansend vcan0 1D0#000000000000000A
cansend vcan0 166#D0320027
cansend vcan0 158#0000000000000028
cansend vcan0 161#000005500108002B
cansend vcan0 191#010010A141001A
cansend vcan0 133#00000000B6
cansend vcan0 136#0002000000000039
cansend vcan0 13A#0000000000000037
cansend vcan0 13F#000000050000003D
cansend vcan0 164#0000C01AA8000013
cansend vcan0 17C#0000000010000030
cansend vcan0 18E#00007A
cansend vcan0 294#040B0002CF5A003B
cansend vcan0 21E#03E8374522063E
cansend vcan0 183#0000000B0000103D
cansend vcan0 143#6B6B00FF
cansend vcan0 095#800007F400000026
cansend vcan0 244#0000000139
cansend vcan0 166#D0320036
cansend vcan0 158#0000000000000037
cansend vcan0 161#000005500108003A
cansend vcan0 191#010010A1410029
cansend vcan0 164#0000C01AA8000022
cansend vcan0 133#0000000089
cansend vcan0 136#000200000000000C
cansend vcan0 13A#000000000000000A
cansend vcan0 13F#0000000500000000
cansend vcan0 17C#0000000010000003
cansend vcan0 18E#00004D
cansend vcan0 1CF#80050000002D
cansend vcan0 1DC#0200002A
cansend vcan0 183#0000000800001003
cansend vcan0 143#6B6B00C2
cansend vcan0 095#800007F400000035
cansend vcan0 039#002A
cansend vcan0 1A4#0000000800000001
cansend vcan0 1AA#7FFF000000006801
cansend vcan0 1B0#000F0000000148
cansend vcan0 1D0#000000000000000A
cansend vcan0 166#D0320009
cansend vcan0 244#0000000143
cansend vcan0 158#000000000000000A
cansend vcan0 161#000005500108000D
cansend vcan0 191#010010A1410038
cansend vcan0 133#0000000098
cansend vcan0 136#000200000000001B
cansend vcan0 13A#0000000000000019
cansend vcan0 13F#000000050000001F
cansend vcan0 164#0000C01AA9000030
cansend vcan0 17C#0000000010000012
cansend vcan0 18E#00005C
cansend vcan0 309#00000000000000A2
cansend vcan0 428#01040000521C01
cansend vcan0 405#000004000000000B
cansend vcan0 183#0000000600001014
cansend vcan0 143#6B6B00D1
cansend vcan0 095#800007F400000008
cansend vcan0 166#D0320018
cansend vcan0 305#8026
cansend vcan0 244#0000000181
cansend vcan0 158#0000000000000019
cansend vcan0 161#000005500108001C
cansend vcan0 191#010010A141000B
cansend vcan0 164#0000C01AA8000004
cansend vcan0 133#00000000A7
cansend vcan0 136#000200000000002A
cansend vcan0 13A#0000000000000028
cansend vcan0 13F#000000050000002E
cansend vcan0 17C#0000000010000021
cansend vcan0 18E#00006B
cansend vcan0 1CF#80050000003C
cansend vcan0 1DC#02000039
cansend vcan0 183#0000000C0000102D
cansend vcan0 143#6B6B00E0
cansend vcan0 095#800007F400000017
cansend vcan0 1A4#0000000800000010
cansend vcan0 1AA#7FFF000000006810
cansend vcan0 1B0#000F0000000157
cansend vcan0 039#0039
cansend vcan0 1D0#000000000000000A
cansend vcan0 166#D0320027
cansend vcan0 158#0000000000000028
cansend vcan0 161#000005500108002B
cansend vcan0 191#010010A141001A
cansend vcan0 133#00000000B6
cansend vcan0 136#0002000000000039
cansend vcan0 13A#0000000000000037
cansend vcan0 13F#000000050000003D
cansend vcan0 164#0000C01AA8000013
cansend vcan0 244#00000001FF
cansend vcan0 17C#0000000010000030
cansend vcan0 18E#00007A
cansend vcan0 294#040B0002CF5A000E
cansend vcan0 21E#03E83745220601
cansend vcan0 183#000000090000103F
cansend vcan0 143#6B6B00FF
cansend vcan0 095#800007F400000026
cansend vcan0 166#D0320036
cansend vcan0 158#0000000000000037
cansend vcan0 161#000005500108003A
cansend vcan0 191#010010A1410029
cansend vcan0 164#0000C01AA8000022
cansend vcan0 133#0000000089
cansend vcan0 136#000200000000000C
cansend vcan0 13A#000000000000000A
cansend vcan0 039#000C
cansend vcan0 13F#0000000500000000
cansend vcan0 17C#0000000010000003
cansend vcan0 18E#00004D
cansend vcan0 1CF#80050000000F
cansend vcan0 1DC#0200000C
cansend vcan0 183#0000000E0000100D
cansend vcan0 244#0000000112
cansend vcan0 143#6B6B00C2
cansend vcan0 095#800007F400000035
cansend vcan0 1A4#000000080000002F
cansend vcan0 1AA#7FFF000000006720
cansend vcan0 1B0#000F0000000166
cansend vcan0 1D0#000000000000000A
cansend vcan0 166#D0320009
cansend vcan0 158#000000000000000A
cansend vcan0 161#000005500108000D
cansend vcan0 191#010010A1410038
cansend vcan0 133#0000000098
cansend vcan0 136#000200000000001B
cansend vcan0 13A#0000000000000019
cansend vcan0 13F#000000050000001F
cansend vcan0 164#0000C01AA8000031
cansend vcan0 17C#0000000010000012
cansend vcan0 18E#00005C
cansend vcan0 183#0000000A00001010
cansend vcan0 244#00000001B9
cansend vcan0 143#6B6B00D1
cansend vcan0 039#001B
cansend vcan0 095#800007F400000008
cansend vcan0 166#D0320018
cansend vcan0 158#0000000000000019
cansend vcan0 161#000005500108001C
cansend vcan0 191#010010A141000B
cansend vcan0 164#0000C01AA8000004
cansend vcan0 133#00000000A7
cansend vcan0 136#000200000000002A
cansend vcan0 13A#0000000000000028
cansend vcan0 13F#000000050000002E
cansend vcan0 17C#0000000010000021
cansend vcan0 18E#00006B
cansend vcan0 1CF#80050000001E
cansend vcan0 1DC#0200001B
cansend vcan0 183#0000000700001022
cansend vcan0 143#6B6B00E0
cansend vcan0 333#0000000000002D
cansend vcan0 244#0000000195
cansend vcan0 095#800007F400000017
cansend vcan0 1A4#000000080000003E
cansend vcan0 1AA#7FFF00000000673F
cansend vcan0 1B0#000F0000000175
cansend vcan0 1D0#000000000000000A
cansend vcan0 039#002A
cansend vcan0 166#D0320027
cansend vcan0 158#0000000000000028
cansend vcan0 161#000005500108002B
cansend vcan0 191#010010A141001A
cansend vcan0 133#00000000B6
cansend vcan0 136#0002000000000039
cansend vcan0 13A#0000000000000037
cansend vcan0 13F#000000050000003D
cansend vcan0 164#0000C01AA8000013
cansend vcan0 17C#0000000010000030
cansend vcan0 18E#00007A
cansend vcan0 294#040B0002CF5A001D
cansend vcan0 21E#03E83745220610
cansend vcan0 183#0000000500001033
cansend vcan0 143#6B6B00FF
cansend vcan0 244#0000000119
cansend vcan0 095#800007F400000026
cansend vcan0 166#D0320036
cansend vcan0 158#0000000000000037
cansend vcan0 161#000005500108003A
cansend vcan0 191#010010A1410029
cansend vcan0 164#0000C01AA8000022
cansend vcan0 133#0000000089
cansend vcan0 136#000200000000000C
cansend vcan0 13A#000000000000000A
cansend vcan0 13F#0000000500000000
cansend vcan0 17C#0000000010000003
cansend vcan0 18E#00004D
cansend vcan0 1CF#80050000002D
cansend vcan0 1DC#0200002A
cansend vcan0 320#000021
cansend vcan0 324#7465000000000E29
cansend vcan0 37C#FD00FD00097F0029
cansend vcan0 183#0000000300001008
cansend vcan0 143#6B6B00C2
cansend vcan0 095#800007F400000035
cansend vcan0 244#00000001B3
cansend vcan0 1A4#0000000800000001
cansend vcan0 1AA#7FFF000000006801
cansend vcan0 1B0#000F0000000148
cansend vcan0 1D0#000000000000000A
cansend vcan0 039#0039
cansend vcan0 166#D0320009
cansend vcan0 158#000000000000000A
cansend vcan0 161#000005500108000D
cansend vcan0 191#010010A1410038
cansend vcan0 133#0000000098
cansend vcan0 136#000200000000001B
cansend vcan0 13A#0000000000000019
cansend vcan0 13F#000000050000001F
cansend vcan0 164#0000C01AA8000031
cansend vcan0 17C#0000000010000012
cansend vcan0 18E#00005C
cansend vcan0 183#0000000A00001010
cansend vcan0 143#6B6B00D1
cansend vcan0 095#800007F400000008
cansend vcan0 244#00000001EB
cansend vcan0 166#D0320018
cansend vcan0 039#000C
cansend vcan0 158#0000000000000019
cansend vcan0 161#000005500108001C
cansend vcan0 191#010010A141000B
cansend vcan0 164#0000C01AA8000004
cansend vcan0 133#00000000A7
cansend vcan0 136#000200000000002A
cansend vcan0 13A#0000000000000028
cansend vcan0 13F#000000050000002E
cansend vcan0 17C#0000000010000021
cansend vcan0 18E#00006B
cansend vcan0 1CF#80050000003C
cansend vcan0 1DC#02000039
cansend vcan0 183#0000000700001022
cansend vcan0 143#6B6B00E0
cansend vcan0 095#800007F400000017
cansend vcan0 1A4#0000000800000010
cansend vcan0 1AA#7FFF000000006810
cansend vcan0 1B0#000F0000000157
cansend vcan0 1D0#000000000000000A
cansend vcan0 166#D0320027
cansend vcan0 244#000000014C
cansend vcan0 158#0000000000000028
cansend vcan0 161#000005500108002B
cansend vcan0 191#010010A141001A
cansend vcan0 133#00000000B6
cansend vcan0 136#0002000000000039
cansend vcan0 13A#0000000000000037
cansend vcan0 13F#000000050000003D
cansend vcan0 164#0000C01AA8000013
cansend vcan0 17C#0000000010000030
cansend vcan0 18E#00007A
cansend vcan0 294#040B0002CF5A002C
cansend vcan0 21E#03E8374522062F
cansend vcan0 309#00000000000000B1
cansend vcan0 039#001B
cansend vcan0 183#0000000500001033
cansend vcan0 143#6B6B00FF
cansend vcan0 095#800007F400000026
cansend vcan0 166#D0320036
cansend vcan0 158#0000000000000037
cansend vcan0 161#000005500108003A
cansend vcan0 191#010010A1410029
cansend vcan0 244#0000000194
cansend vcan0 164#0000C01AA9000021
cansend vcan0 133#0000000089
cansend vcan0 136#000200000000000C
cansend vcan0 13A#000000000000000A
cansend vcan0 13F#0000000500000000
cansend vcan0 17C#0000000010000003
cansend vcan0 18E#00004D
cansend vcan0 1CF#80050000000F
cansend vcan0 1DC#0200000C
cansend vcan0 183#0000000B00001000
cansend vcan0 143#6B6B00C2
cansend vcan0 095#800007F400000035
cansend vcan0 305#8035
cansend vcan0 1A4#000000080000002F
cansend vcan0 1AA#7FFF000000006720
cansend vcan0 1B0#000F0000000166
cansend vcan0 1D0#000000000000000A
cansend vcan0 166#D0320009
cansend vcan0 158#000000000000000A
cansend vcan0 161#000005500108000D
cansend vcan0 191#010010A1410038
cansend vcan0 133#0000000098
cansend vcan0 136#000200000000001B
cansend vcan0 13A#0000000000000019
cansend vcan0 13F#000000050000001F
cansend vcan0 164#0000C01AA8000031
cansend vcan0 17C#0000000010000012
cansend vcan0 18E#00005C
cansend vcan0 039#002A
cansend vcan0 183#0000000800001012
cansend vcan0 143#6B6B00D1
cansend vcan0 095#800007F400000008
cansend vcan0 244#0000000132
cansend vcan0 166#D0320018
cansend vcan0 158#0000000000000019
cansend vcan0 161#000005500108001C
cansend vcan0 191#010010A141000B
cansend vcan0 164#0000C01AA8000004
cansend vcan0 133#00000000A7
cansend vcan0 136#000200000000002A
cansend vcan0 13A#0000000000000028
cansend vcan0 13F#000000050000002E
cansend vcan0 17C#0000000010000021
cansend vcan0 18E#00006B
cansend vcan0 1CF#80050000001E
cansend vcan0 1DC#0200001B
cansend vcan0 183#0000000600001023
cansend vcan0 143#6B6B00E0
cansend vcan0 095#800007F400000017
cansend vcan0 1A4#000000080000003E
cansend vcan0 1AA#7FFF00000000673F
cansend vcan0 1B0#000F0000000175
cansend vcan0 1D0#000000000000000A
cansend vcan0 039#0039
cansend vcan0 244#0000000156
cansend vcan0 166#D0320027
cansend vcan0 158#0000000000000028
cansend vcan0 161#000005500108002B
cansend vcan0 191#010010A141001A
cansend vcan0 133#00000000B6
cansend vcan0 136#0002000000000039
cansend vcan0 13A#0000000000000037
cansend vcan0 13F#000000050000003D
cansend vcan0 164#0000C01AA8000013
cansend vcan0 17C#0000000010000030
cansend vcan0 18E#00007A
cansend vcan0 294#040B0002CF5A003B
cansend vcan0 21E#03E8374522063E
cansend vcan0 183#0000000C0000103C
cansend vcan0 143#6B6B00FF
cansend vcan0 095#800007F800000022
cansend vcan0 166#D0320036
cansend vcan0 244#000000019D
cansend vcan0 158#0000000000000037
cansend vcan0 161#000005500108003A
cansend vcan0 191#010010A1410029
cansend vcan0 164#0000C01AA8000022
cansend vcan0 133#0000000089
cansend vcan0 039#000C
cansend vcan0 136#000200000000000C
cansend vcan0 13A#000000000000000A
cansend vcan0 13F#0000000500000000
cansend vcan0 17C#0000000010000003
cansend vcan0 18E#00004D
cansend vcan0 1CF#80050000002D
cansend vcan0 1DC#0200002A
cansend vcan0 183#0000000900001002
cansend vcan0 143#6B6B00C2
cansend vcan0 333#0000000000003C
cansend vcan0 095#800007F800000031
cansend vcan0 1A4#0000000800000001
cansend vcan0 1AA#7FFF000000006801
cansend vcan0 1B0#000F0000000148
cansend vcan0 1D0#000000000000000A
cansend vcan0 166#D0320009
cansend vcan0 158#000000000000000A
cansend vcan0 161#000005500108000D
cansend vcan0 191#010010A1410038
cansend vcan0 133#0000000098
cansend vcan0 136#000200000000001B
cansend vcan0 13A#0000000000000019
cansend vcan0 13F#000000050000001F
cansend vcan0 164#0000C01AA8000031
cansend vcan0 17C#0000000010000012
cansend vcan0 18E#00005C
cansend vcan0 183#0000000E0000101C
cansend vcan0 143#6B6B00D1
cansend vcan0 039#001B
cansend vcan0 244#00000001BC
cansend vcan0 095#800007F800000004
cansend vcan0 166#D0320018
cansend vcan0 158#0000000000000019
cansend vcan0 161#000005500108001C
cansend vcan0 191#010090A1410003
cansend vcan0 133#00000000A7
cansend vcan0 136#000200000000002A
cansend vcan0 13A#0000000000000028
cansend vcan0 13F#000000050000002E
cansend vcan0 164#0000C01AA8000004
cansend vcan0 17C#0000000010000021
cansend vcan0 18E#00006B
cansend vcan0 1CF#80050000003C
cansend vcan0 1DC#02000039
cansend vcan0 320#000030
cansend vcan0 324#7465000000000E38
cansend vcan0 37C#FD00FD00097F0038
cansend vcan0 183#0000000A0000102F
cansend vcan0 143#6B6B00E0
cansend vcan0 095#800007F800000013
cansend vcan0 1A4#0000000800000010
cansend vcan0 1AA#7FFF000000006810
cansend vcan0 1B0#000F0000000157
cansend vcan0 1D0#000000000000000A
cansend vcan0 039#002A
cansend vcan0 166#D0320027
cansend vcan0 158#0000000000000028
cansend vcan0 161#000005500108002B
cansend vcan0 244#0000000139
cansend vcan0 191#010090A1410012
cansend vcan0 133#00000000B6
cansend vcan0 136#0002000000000039
cansend vcan0 13A#0000000000000037
cansend vcan0 13F#000000050000003D
cansend vcan0 164#0000C01AA9000012
cansend vcan0 17C#0000000010000030
cansend vcan0 18E#00007A
cansend vcan0 294#040B0002CF5A000E
cansend vcan0 21E#03E83745220601
cansend vcan0 183#0000000F00001039
cansend vcan0 143#6B6B00FF
cansend vcan0 188#00000000
cansend vcan0 095#800007F800000022
cansend vcan0 166#D0320036
cansend vcan0 158#0000000000000037
cansend vcan0 161#000005500108003A
cansend vcan0 191#010090A1410021
cansend vcan0 164#0000C01AA8000022
cansend vcan0 133#0000000089
cansend vcan0 136#000200000000000C
cansend vcan0 13A#000000000000000A
cansend vcan0 13F#0000000500000000
cansend vcan0 17C#0000000010000003
cansend vcan0 18E#00004D
cansend vcan0 1CF#80050000000F
cansend vcan0 1DC#0200000C
cansend vcan0 183#0000001300001007
cansend vcan0 039#0039
cansend vcan0 143#6B6B00C2
cansend vcan0 095#800007F400000035
cansend vcan0 1A4#000000080000002F
cansend vcan0 1AA#7FFF000000006720
cansend vcan0 1B0#000F0000000166
cansend vcan0 1D0#000000000000000A
cansend vcan0 244#000000014E
cansend vcan0 166#D0320009
cansend vcan0 158#000000000000000A
cansend vcan0 161#000005500108000D
cansend vcan0 191#010090A1410030
cansend vcan0 133#0000000098
cansend vcan0 136#000200000000001B
cansend vcan0 13A#0000000000000019
cansend vcan0 13F#000000050000001F
cansend vcan0 164#0000C01AA8000031
cansend vcan0 17C#0000000010000012
cansend vcan0 18E#00005C
cansend vcan0 309#0000000000000084
cansend vcan0 183#0000000E0000101C
cansend vcan0 143#6B6B00D1
cansend vcan0 095#800007F400000008
cansend vcan0 039#000C
cansend vcan0 244#00000001D7
cansend vcan0 166#D0320018
cansend vcan0 158#0000000000000019
cansend vcan0 161#000005500108001C
cansend vcan0 191#010090A1410003
cansend vcan0 164#0000C01AA8000004
cansend vcan0 133#00000000A7
cansend vcan0 136#000200000000002A
cansend vcan0 13A#0000000000000028
cansend vcan0 13F#000000050000002E
cansend vcan0 17C#0000000010000021
cansend vcan0 18E#00006B
cansend vcan0 1CF#80050000001E
cansend vcan0 1DC#0200001B
cansend vcan0 183#0000000A0000102F
cansend vcan0 143#6B6B00E0
cansend vcan0 095#800007F400000017
cansend vcan0 1A4#000000080000003E
cansend vcan0 1AA#7FFF00000000673F
cansend vcan0 1B0#000F0000000175
cansend vcan0 1D0#000000000000000A
